#! /usr/bin/vvp
:ivl_version "10.1 (stable)";
:ivl_delay_selection "TYPICAL";
:vpi_time_precision + 0;
:vpi_module "system";
:vpi_module "vhdl_sys";
:vpi_module "v2005_math";
:vpi_module "va_math";
S_0x7fffbb9a0590 .scope module, "adder" "adder" 2 1;
 .timescale 0 0;
    .port_info 0 /OUTPUT 8 "sum"
    .port_info 1 /INPUT 8 "a"
    .port_info 2 /INPUT 8 "b"
    .port_info 3 /INPUT 1 "clk"
    .port_info 4 /INPUT 1 "reset"
o0x7feaf20d0018 .functor BUFZ 8, C4<zzzzzzzz>; HiZ drive
v0x7fffbb9a07d0_0 .net "a", 7 0, o0x7feaf20d0018;  0 drivers
o0x7feaf20d0048 .functor BUFZ 8, C4<zzzzzzzz>; HiZ drive
v0x7fffbb9c08d0_0 .net "b", 7 0, o0x7feaf20d0048;  0 drivers
o0x7feaf20d0078 .functor BUFZ 1, C4<z>; HiZ drive
v0x7fffbb9c09b0_0 .net "clk", 0 0, o0x7feaf20d0078;  0 drivers
o0x7feaf20d00a8 .functor BUFZ 1, C4<z>; HiZ drive
v0x7fffbb9c0a80_0 .net "reset", 0 0, o0x7feaf20d00a8;  0 drivers
v0x7fffbb9c0b40_0 .var "sum", 7 0;
E_0x7fffbb99ed60 .event posedge, v0x7fffbb9c09b0_0;
    .scope S_0x7fffbb9a0590;
T_0 ;
    %wait E_0x7fffbb99ed60;
    %load/vec4 v0x7fffbb9c0a80_0;
    %pad/u 32;
    %cmpi/e 1, 0, 32;
    %jmp/0xz  T_0.0, 4;
    %pushi/vec4 0, 0, 8;
    %assign/vec4 v0x7fffbb9c0b40_0, 0;
    %jmp T_0.1;
T_0.0 ;
    %load/vec4 v0x7fffbb9a07d0_0;
    %load/vec4 v0x7fffbb9c08d0_0;
    %add;
    %assign/vec4 v0x7fffbb9c0b40_0, 0;
T_0.1 ;
    %jmp T_0;
    .thread T_0;
# The file index is used to find the file name in the following table.
:file_names 3;
    "N/A";
    "<interactive>";
    "sync_adder.v";
